<?xml version="1.0" encoding="UTF-8"?>
<!-- Generated by org.testng.reporters.JUnitXMLReporter -->
<testsuite hostname="Loba-PC" name="Default test" tests="2" failures="0" timestamp="15 Apr 2017 07:47:38 GMT" time="16.044" errors="0">
  <testcase name="checkTitle" time="15.983" classname="com.bitm.newtourstest.test.LogInTest"/>
  <testcase name="checkLogin" time="0.014" classname="com.bitm.newtourstest.test.LogInTest">
    <skipped/>
  </testcase> <!-- checkLogin -->
</testsuite> <!-- Default test -->
