<?xml version="1.0" encoding="UTF-8"?>
<!-- Generated by org.testng.reporters.JUnitXMLReporter -->
<testsuite hostname="Loba-PC" name="NewtoursSuite" tests="4" failures="0" timestamp="29 Apr 2017 04:09:56 GMT" time="28.751" errors="0">
  <testcase name="checkTitle" time="18.698" classname="com.bitm.newtourstest.test.LogInTest"/>
  <testcase name="checkLogin" time="1.521" classname="com.bitm.newtourstest.test.LogInTest"/>
  <testcase name="checkTitle" time="4.14" classname="com.bitm.newtourstest.test.FlightFinder"/>
  <testcase name="checkFlightFinder" time="0.371" classname="com.bitm.newtourstest.test.FlightFinder"/>
</testsuite> <!-- NewtoursSuite -->
