<?xml version="1.0" encoding="UTF-8"?>
<!-- Generated by org.testng.reporters.JUnitXMLReporter -->
<testsuite hostname="Loba-PC" name="test1" tests="6" failures="0" timestamp="8 Apr 2017 07:49:33 GMT" time="0.074" errors="0">
  <testcase name="testCase1" time="0.009" classname="com.bitm.newtourstest.TestAnnotaton2"/>
  <testcase name="testCase2" time="0.001" classname="com.bitm.newtourstest.TestAnnotaton2"/>
  <testcase name="testmethod" time="0.005" classname="com.bitm.newtourstest.TestAnnotaton2"/>
  <testcase name="testmethod" time="0.002" classname="com.bitm.newtourstest.TestAnnotaton"/>
  <testcase name="testCase2" time="0.002" classname="com.bitm.newtourstest.TestAnnotaton"/>
  <testcase name="testCase1" time="0.002" classname="com.bitm.newtourstest.TestAnnotaton"/>
</testsuite> <!-- test1 -->
