<?xml version="1.0" encoding="UTF-8"?>
<testng-results skipped="0" failed="0" total="4" passed="4">
  <reporter-output>
  </reporter-output>
  <suite name="Suite" duration-ms="28751" started-at="2017-04-29T04:09:27Z" finished-at="2017-04-29T04:09:56Z">
    <groups>
    </groups>
    <test name="NewtoursSuite" duration-ms="28751" started-at="2017-04-29T04:09:27Z" finished-at="2017-04-29T04:09:56Z">
      <class name="com.bitm.newtourstest.test.LogInTest">
        <test-method status="PASS" signature="checkTitle()[pri:0, instance:com.bitm.newtourstest.test.LogInTest@38203]" name="checkTitle" duration-ms="18698" started-at="2017-04-29T10:09:27Z" finished-at="2017-04-29T10:09:46Z">
          <reporter-output>
          </reporter-output>
        </test-method> <!-- checkTitle -->
        <test-method status="PASS" signature="checkLogin(java.util.List)[pri:0, instance:com.bitm.newtourstest.test.LogInTest@38203]" name="checkLogin" duration-ms="1521" started-at="2017-04-29T10:09:49Z" data-provider="loginData" finished-at="2017-04-29T10:09:51Z">
          <params>
            <param index="0">
              <value>
                <![CDATA[[LogIn [username=demo, password=demo]]]]>
              </value>
            </param>
          </params>
          <reporter-output>
          </reporter-output>
        </test-method> <!-- checkLogin -->
      </class> <!-- com.bitm.newtourstest.test.LogInTest -->
      <class name="com.bitm.newtourstest.test.FlightFinder">
        <test-method status="PASS" signature="checkTitle()[pri:0, instance:com.bitm.newtourstest.test.FlightFinder@1275dab]" name="checkTitle" duration-ms="4140" started-at="2017-04-29T10:09:51Z" finished-at="2017-04-29T10:09:55Z">
          <reporter-output>
          </reporter-output>
        </test-method> <!-- checkTitle -->
        <test-method status="PASS" signature="checkFlightFinder(java.util.List)[pri:0, instance:com.bitm.newtourstest.test.FlightFinder@1275dab]" name="checkFlightFinder" duration-ms="371" started-at="2017-04-29T10:09:55Z" data-provider="FlightFinder" finished-at="2017-04-29T10:09:56Z">
          <params>
            <param index="0">
              <value>
                <![CDATA[[FlightFinder [Passengers= 2,DepartingFrom=null, DepartOnMonth = null,DepartONDate= null]]]]>
              </value>
            </param>
          </params>
          <reporter-output>
          </reporter-output>
        </test-method> <!-- checkFlightFinder -->
      </class> <!-- com.bitm.newtourstest.test.FlightFinder -->
    </test> <!-- NewtoursSuite -->
  </suite> <!-- Suite -->
</testng-results>
